Flow report for MicroarchitectureIOT
Sun Jul 28 21:48:07 2019
Quartus II 32-bit Version 13.0.1 Build 232 06/12/2013 Service Pack 1 SJ Web Edition


---------------------
; Table of Contents ;
---------------------
  1. Legal Notice
  2. Flow Summary
  3. Flow Settings
  4. Flow Non-Default Global Settings
  5. Flow Elapsed Time
  6. Flow OS Summary
  7. Flow Log
  8. Flow Messages
  9. Flow Suppressed Messages



----------------
; Legal Notice ;
----------------
Copyright (C) 1991-2013 Altera Corporation
Your use of Altera Corporation's design tools, logic functions 
and other software and tools, and its AMPP partner logic 
functions, and any output files from any of the foregoing 
(including device programming or simulation files), and any 
associated documentation or information are expressly subject 
to the terms and conditions of the Altera Program License 
Subscription Agreement, Altera MegaCore Function License 
Agreement, or other applicable license agreement, including, 
without limitation, that your use is for the sole purpose of 
programming logic devices manufactured by Altera and sold by 
Altera or its authorized distributors.  Please refer to the 
applicable agreement for further details.



+--------------------------------------------------------------------------------------+
; Flow Summary                                                                         ;
+------------------------------------+-------------------------------------------------+
; Flow Status                        ; Successful - Sun Jul 28 21:47:54 2019           ;
; Quartus II 32-bit Version          ; 13.0.1 Build 232 06/12/2013 SP 1 SJ Web Edition ;
; Revision Name                      ; MicroarchitectureIOT                            ;
; Top-level Entity Name              ; architectureIOT                                 ;
; Family                             ; Cyclone IV E                                    ;
; Device                             ; EP4CE30F23C7                                    ;
; Timing Models                      ; Final                                           ;
; Total logic elements               ; 1,830 / 28,848 ( 6 % )                          ;
;     Total combinational functions  ; 1,729 / 28,848 ( 6 % )                          ;
;     Dedicated logic registers      ; 1,004 / 28,848 ( 3 % )                          ;
; Total registers                    ; 1004                                            ;
; Total pins                         ; 32 / 329 ( 10 % )                               ;
; Total virtual pins                 ; 0                                               ;
; Total memory bits                  ; 44,032 / 608,256 ( 7 % )                        ;
; Embedded Multiplier 9-bit elements ; 0 / 132 ( 0 % )                                 ;
; Total PLLs                         ; 0 / 4 ( 0 % )                                   ;
+------------------------------------+-------------------------------------------------+


+------------------------------------------+
; Flow Settings                            ;
+-------------------+----------------------+
; Option            ; Setting              ;
+-------------------+----------------------+
; Start date & time ; 07/28/2019 21:46:32  ;
; Main task         ; Compilation          ;
; Revision Name     ; MicroarchitectureIOT ;
+-------------------+----------------------+


+---------------------------------------------------------------------------------------------------------------------------------------------------------------------------------------------------------------------+
; Flow Non-Default Global Settings                                                                                                                                                                                    ;
+-------------------------------------+-------------------------------------------------------------------+----------------------+-----------------------------------------------------------------------+------------+
; Assignment Name                     ; Value                                                             ; Default Value        ; Entity Name                                                           ; Section Id ;
+-------------------------------------+-------------------------------------------------------------------+----------------------+-----------------------------------------------------------------------+------------+
; COMPILER_SIGNATURE_ID               ; 40637543268376.156436119202620                                    ; --                   ; --                                                                    ; --         ;
; IP_TOOL_ENV                         ; Qsys                                                              ; --                   ; altera_avalon_sc_fifo                                                 ; --         ;
; IP_TOOL_ENV                         ; Qsys                                                              ; --                   ; altera_customins_master_translator                                    ; --         ;
; IP_TOOL_ENV                         ; Qsys                                                              ; --                   ; altera_customins_slave_translator                                     ; --         ;
; IP_TOOL_ENV                         ; Qsys                                                              ; --                   ; altera_merlin_master_agent                                            ; --         ;
; IP_TOOL_ENV                         ; Qsys                                                              ; --                   ; altera_merlin_master_translator                                       ; --         ;
; IP_TOOL_ENV                         ; Qsys                                                              ; --                   ; altera_merlin_slave_agent                                             ; --         ;
; IP_TOOL_ENV                         ; Qsys                                                              ; --                   ; altera_merlin_slave_translator                                        ; --         ;
; IP_TOOL_ENV                         ; Qsys                                                              ; --                   ; altera_reset_controller                                               ; --         ;
; IP_TOOL_ENV                         ; Qsys                                                              ; --                   ; architectureIOT                                                       ; --         ;
; IP_TOOL_ENV                         ; Qsys                                                              ; --                   ; architectureIOT_addr_router                                           ; --         ;
; IP_TOOL_ENV                         ; Qsys                                                              ; --                   ; architectureIOT_buttons                                               ; --         ;
; IP_TOOL_ENV                         ; Qsys                                                              ; --                   ; architectureIOT_cmd_xbar_demux                                        ; --         ;
; IP_TOOL_ENV                         ; Qsys                                                              ; --                   ; architectureIOT_cmd_xbar_mux                                          ; --         ;
; IP_TOOL_ENV                         ; Qsys                                                              ; --                   ; architectureIOT_id_router                                             ; --         ;
; IP_TOOL_ENV                         ; Qsys                                                              ; --                   ; architectureIOT_irq_mapper                                            ; --         ;
; IP_TOOL_ENV                         ; Qsys                                                              ; --                   ; architectureIOT_jtag_uart_0                                           ; --         ;
; IP_TOOL_ENV                         ; Qsys                                                              ; --                   ; architectureIOT_leds_columns                                          ; --         ;
; IP_TOOL_ENV                         ; Qsys                                                              ; --                   ; architectureIOT_leds_rows                                             ; --         ;
; IP_TOOL_ENV                         ; Qsys                                                              ; --                   ; architectureIOT_nios2_qsys_0                                          ; --         ;
; IP_TOOL_ENV                         ; Qsys                                                              ; --                   ; architectureIOT_nios2_qsys_0_custom_instruction_master_multi_xconnect ; --         ;
; IP_TOOL_ENV                         ; Qsys                                                              ; --                   ; architectureIOT_onchip_memory2_0                                      ; --         ;
; IP_TOOL_ENV                         ; Qsys                                                              ; --                   ; architectureIOT_rsp_xbar_demux                                        ; --         ;
; IP_TOOL_ENV                         ; Qsys                                                              ; --                   ; architectureIOT_rsp_xbar_mux                                          ; --         ;
; IP_TOOL_NAME                        ; altera_avalon_sc_fifo                                             ; --                   ; altera_avalon_sc_fifo                                                 ; --         ;
; IP_TOOL_NAME                        ; altera_customins_master_translator                                ; --                   ; altera_customins_master_translator                                    ; --         ;
; IP_TOOL_NAME                        ; altera_customins_slave_translator                                 ; --                   ; altera_customins_slave_translator                                     ; --         ;
; IP_TOOL_NAME                        ; altera_merlin_master_agent                                        ; --                   ; altera_merlin_master_agent                                            ; --         ;
; IP_TOOL_NAME                        ; altera_merlin_master_translator                                   ; --                   ; altera_merlin_master_translator                                       ; --         ;
; IP_TOOL_NAME                        ; altera_merlin_slave_agent                                         ; --                   ; altera_merlin_slave_agent                                             ; --         ;
; IP_TOOL_NAME                        ; altera_merlin_slave_translator                                    ; --                   ; altera_merlin_slave_translator                                        ; --         ;
; IP_TOOL_NAME                        ; altera_reset_controller                                           ; --                   ; altera_reset_controller                                               ; --         ;
; IP_TOOL_NAME                        ; Qsys                                                              ; --                   ; architectureIOT                                                       ; --         ;
; IP_TOOL_NAME                        ; altera_merlin_router                                              ; --                   ; architectureIOT_addr_router                                           ; --         ;
; IP_TOOL_NAME                        ; altera_avalon_pio                                                 ; --                   ; architectureIOT_buttons                                               ; --         ;
; IP_TOOL_NAME                        ; altera_merlin_demultiplexer                                       ; --                   ; architectureIOT_cmd_xbar_demux                                        ; --         ;
; IP_TOOL_NAME                        ; altera_merlin_multiplexer                                         ; --                   ; architectureIOT_cmd_xbar_mux                                          ; --         ;
; IP_TOOL_NAME                        ; altera_merlin_router                                              ; --                   ; architectureIOT_id_router                                             ; --         ;
; IP_TOOL_NAME                        ; altera_irq_mapper                                                 ; --                   ; architectureIOT_irq_mapper                                            ; --         ;
; IP_TOOL_NAME                        ; altera_avalon_jtag_uart                                           ; --                   ; architectureIOT_jtag_uart_0                                           ; --         ;
; IP_TOOL_NAME                        ; altera_avalon_pio                                                 ; --                   ; architectureIOT_leds_columns                                          ; --         ;
; IP_TOOL_NAME                        ; altera_avalon_pio                                                 ; --                   ; architectureIOT_leds_rows                                             ; --         ;
; IP_TOOL_NAME                        ; altera_nios2_qsys                                                 ; --                   ; architectureIOT_nios2_qsys_0                                          ; --         ;
; IP_TOOL_NAME                        ; altera_customins_xconnect                                         ; --                   ; architectureIOT_nios2_qsys_0_custom_instruction_master_multi_xconnect ; --         ;
; IP_TOOL_NAME                        ; altera_avalon_onchip_memory2                                      ; --                   ; architectureIOT_onchip_memory2_0                                      ; --         ;
; IP_TOOL_NAME                        ; altera_merlin_demultiplexer                                       ; --                   ; architectureIOT_rsp_xbar_demux                                        ; --         ;
; IP_TOOL_NAME                        ; altera_merlin_multiplexer                                         ; --                   ; architectureIOT_rsp_xbar_mux                                          ; --         ;
; IP_TOOL_VERSION                     ; 13.0                                                              ; --                   ; altera_avalon_sc_fifo                                                 ; --         ;
; IP_TOOL_VERSION                     ; 13.0                                                              ; --                   ; altera_customins_master_translator                                    ; --         ;
; IP_TOOL_VERSION                     ; 13.0                                                              ; --                   ; altera_customins_slave_translator                                     ; --         ;
; IP_TOOL_VERSION                     ; 13.0                                                              ; --                   ; altera_merlin_master_agent                                            ; --         ;
; IP_TOOL_VERSION                     ; 13.0                                                              ; --                   ; altera_merlin_master_translator                                       ; --         ;
; IP_TOOL_VERSION                     ; 13.0                                                              ; --                   ; altera_merlin_slave_agent                                             ; --         ;
; IP_TOOL_VERSION                     ; 13.0                                                              ; --                   ; altera_merlin_slave_translator                                        ; --         ;
; IP_TOOL_VERSION                     ; 13.0                                                              ; --                   ; altera_reset_controller                                               ; --         ;
; IP_TOOL_VERSION                     ; 13.0sp1                                                           ; --                   ; architectureIOT                                                       ; --         ;
; IP_TOOL_VERSION                     ; 13.0                                                              ; --                   ; architectureIOT_addr_router                                           ; --         ;
; IP_TOOL_VERSION                     ; 13.0.1.99.2                                                       ; --                   ; architectureIOT_buttons                                               ; --         ;
; IP_TOOL_VERSION                     ; 13.0                                                              ; --                   ; architectureIOT_cmd_xbar_demux                                        ; --         ;
; IP_TOOL_VERSION                     ; 13.0                                                              ; --                   ; architectureIOT_cmd_xbar_mux                                          ; --         ;
; IP_TOOL_VERSION                     ; 13.0                                                              ; --                   ; architectureIOT_id_router                                             ; --         ;
; IP_TOOL_VERSION                     ; 13.0                                                              ; --                   ; architectureIOT_irq_mapper                                            ; --         ;
; IP_TOOL_VERSION                     ; 13.0.1.99.2                                                       ; --                   ; architectureIOT_jtag_uart_0                                           ; --         ;
; IP_TOOL_VERSION                     ; 13.0.1.99.2                                                       ; --                   ; architectureIOT_leds_columns                                          ; --         ;
; IP_TOOL_VERSION                     ; 13.0.1.99.2                                                       ; --                   ; architectureIOT_leds_rows                                             ; --         ;
; IP_TOOL_VERSION                     ; 13.0                                                              ; --                   ; architectureIOT_nios2_qsys_0                                          ; --         ;
; IP_TOOL_VERSION                     ; 13.0                                                              ; --                   ; architectureIOT_nios2_qsys_0_custom_instruction_master_multi_xconnect ; --         ;
; IP_TOOL_VERSION                     ; 13.0.1.99.2                                                       ; --                   ; architectureIOT_onchip_memory2_0                                      ; --         ;
; IP_TOOL_VERSION                     ; 13.0                                                              ; --                   ; architectureIOT_rsp_xbar_demux                                        ; --         ;
; IP_TOOL_VERSION                     ; 13.0                                                              ; --                   ; architectureIOT_rsp_xbar_mux                                          ; --         ;
; MAX_CORE_JUNCTION_TEMP              ; 85                                                                ; --                   ; --                                                                    ; --         ;
; MIN_CORE_JUNCTION_TEMP              ; 0                                                                 ; --                   ; --                                                                    ; --         ;
; MISC_FILE                           ; architectureIOT/synthesis/../../architectureIOT.cmp               ; --                   ; --                                                                    ; --         ;
; MISC_FILE                           ; architectureIOT/synthesis/../../architectureIOT.qsys              ; --                   ; --                                                                    ; --         ;
; NOMINAL_CORE_SUPPLY_VOLTAGE         ; 1.2V                                                              ; --                   ; --                                                                    ; --         ;
; PARTITION_COLOR                     ; 16764057                                                          ; --                   ; architectureIOT                                                       ; Top        ;
; PARTITION_FITTER_PRESERVATION_LEVEL ; PLACEMENT_AND_ROUTING                                             ; --                   ; architectureIOT                                                       ; Top        ;
; PARTITION_NETLIST_TYPE              ; SOURCE                                                            ; --                   ; architectureIOT                                                       ; Top        ;
; POWER_BOARD_THERMAL_MODEL           ; None (CONSERVATIVE)                                               ; --                   ; --                                                                    ; --         ;
; POWER_PRESET_COOLING_SOLUTION       ; 23 MM HEAT SINK WITH 200 LFPM AIRFLOW                             ; --                   ; --                                                                    ; --         ;
; PROJECT_OUTPUT_DIRECTORY            ; output_files                                                      ; --                   ; --                                                                    ; --         ;
; SLD_INFO                            ; QSYS_NAME architectureIOT HAS_SOPCINFO 1 GENERATION_ID 1564359970 ; --                   ; architectureIOT                                                       ; --         ;
; SOPCINFO_FILE                       ; architectureIOT/synthesis/../../architectureIOT.sopcinfo          ; --                   ; --                                                                    ; --         ;
; SYNTHESIS_ONLY_QIP                  ; On                                                                ; --                   ; --                                                                    ; --         ;
; TOP_LEVEL_ENTITY                    ; architectureIOT                                                   ; MicroarchitectureIOT ; --                                                                    ; --         ;
+-------------------------------------+-------------------------------------------------------------------+----------------------+-----------------------------------------------------------------------+------------+


+-------------------------------------------------------------------------------------------------------------------------------+
; Flow Elapsed Time                                                                                                             ;
+---------------------------+--------------+-------------------------+---------------------+------------------------------------+
; Module Name               ; Elapsed Time ; Average Processors Used ; Peak Virtual Memory ; Total CPU Time (on all processors) ;
+---------------------------+--------------+-------------------------+---------------------+------------------------------------+
; Analysis & Synthesis      ; 00:00:27     ; 1.0                     ; 425 MB              ; 00:00:27                           ;
; Fitter                    ; 00:00:40     ; 1.0                     ; 603 MB              ; 00:00:39                           ;
; Assembler                 ; 00:00:07     ; 1.0                     ; 358 MB              ; 00:00:07                           ;
; TimeQuest Timing Analyzer ; 00:00:11     ; 1.0                     ; 408 MB              ; 00:00:09                           ;
; Total                     ; 00:01:25     ; --                      ; --                  ; 00:01:22                           ;
+---------------------------+--------------+-------------------------+---------------------+------------------------------------+


+----------------------------------------------------------------------------------------+
; Flow OS Summary                                                                        ;
+---------------------------+------------------+-----------+------------+----------------+
; Module Name               ; Machine Hostname ; OS Name   ; OS Version ; Processor type ;
+---------------------------+------------------+-----------+------------+----------------+
; Analysis & Synthesis      ; AtivBook         ; Windows 7 ; 6.2        ; i686           ;
; Fitter                    ; AtivBook         ; Windows 7 ; 6.2        ; i686           ;
; Assembler                 ; AtivBook         ; Windows 7 ; 6.2        ; i686           ;
; TimeQuest Timing Analyzer ; AtivBook         ; Windows 7 ; 6.2        ; i686           ;
+---------------------------+------------------+-----------+------------+----------------+


------------
; Flow Log ;
------------
quartus_map --read_settings_files=on --write_settings_files=off MicroarchitectureIOT -c MicroarchitectureIOT
quartus_fit --read_settings_files=off --write_settings_files=off MicroarchitectureIOT -c MicroarchitectureIOT
quartus_asm --read_settings_files=off --write_settings_files=off MicroarchitectureIOT -c MicroarchitectureIOT
quartus_sta MicroarchitectureIOT -c MicroarchitectureIOT



